2024-08-04 23:39:12 - asyncio - DEBUG - Using proactor: IocpProactor
2024-08-04 23:39:12 - flet_runtime - INFO - Assets path configured: D:\PyCharm\pythonFlet\assets
2024-08-04 23:39:12 - flet_core - DEBUG - Creating new PubSubHub instance
2024-08-04 23:39:12 - flet_core - DEBUG - Creating new PubSubHub instance
2024-08-04 23:39:12 - flet_runtime - INFO - Starting up TCP server on localhost:54281
2024-08-04 23:39:12 - flet_runtime - INFO - Flet app has started...
2024-08-04 23:39:12 - flet_runtime - INFO - App URL: tcp://localhost:54281
2024-08-04 23:39:12 - flet_runtime - INFO - Starting Flet View app...
2024-08-04 23:39:12 - flet_runtime - INFO - Flet View found in: D:\PyCharm\pythonFlet\.venv\Lib\site-packages\flet\bin\flet\flet.exe
2024-08-04 23:39:12 - flet_runtime - DEBUG - Connected new TCP client
2024-08-04 23:39:12 - flet_runtime - DEBUG - _on_message: {"action":"registerWebClient","payload":{"pageName":"","pageRoute":"/","pageWidth":"1264.0","pageHeight":"681.0","windowWidth":"1280.0","windowHeight":"720.0","windowTop":"10.0","windowLeft":"10.0","isPWA":"false","isWeb":"false","isDebug":"false","platform":"windows","platformBrightness":"dark","media":"{\"padding\":{\"top\":0.0,\"right\":0.0,\"bottom\":0.0,\"left\":0.0},\"view_padding\":{\"top\":0.0,\"right\":0.0,\"bottom\":0.0,\"left\":0.0},\"view_insets\":{\"top\":0.0,\"right\":0.0,\"bottom\":0.0,\"left\":0.0}}","sessionId":""}}
2024-08-04 23:39:12 - flet_runtime - DEBUG - __send: {"action":"registerWebClient","payload":{"session":{"id":"","controls":{"page":{"i":"page","t":"page","p":"","c":[],"route":"/","width":"1264.0","height":"681.0","windowwidth":"1280.0","windowheight":"720.0","windowtop":"10.0","windowleft":"10.0","pwa":"false","web":"false","debug":"false","platform":"windows","platformBrightness":"dark","media":"{\"padding\":{\"top\":0.0,\"right\":0.0,\"bottom\":0.0,\"left\":0.0},\"view_padding\":{\"top\":0.0,\"right\":0.0,\"bottom\":0.0,\"left\":0.0},\"view_insets\":{\"top\":0.0,\"right\":0.0,\"bottom\":0.0,\"left\":0.0}}"}}},"error":"","appInactive":false}}
2024-08-04 23:39:12 - flet_core - DEBUG - _process_command: get ['page', 'route'] {}
2024-08-04 23:39:12 - flet_core - DEBUG - _process_command: get ['page', 'pwa'] {}
2024-08-04 23:39:12 - flet_core - DEBUG - _process_command: get ['page', 'web'] {}
2024-08-04 23:39:12 - flet_core - DEBUG - _process_command: get ['page', 'debug'] {}
2024-08-04 23:39:12 - flet_core - DEBUG - _process_command: get ['page', 'platform'] {}
2024-08-04 23:39:12 - flet_core - DEBUG - _process_command: get ['page', 'platformBrightness'] {}
2024-08-04 23:39:12 - flet_core - DEBUG - _process_command: get ['page', 'media'] {}
2024-08-04 23:39:12 - flet_core - DEBUG - _process_command: get ['page', 'width'] {}
2024-08-04 23:39:12 - flet_core - DEBUG - _process_command: get ['page', 'height'] {}
2024-08-04 23:39:12 - flet_core - DEBUG - _process_command: get ['page', 'windowWidth'] {}
2024-08-04 23:39:12 - flet_core - DEBUG - _process_command: get ['page', 'windowHeight'] {}
2024-08-04 23:39:12 - flet_core - DEBUG - _process_command: get ['page', 'windowTop'] {}
2024-08-04 23:39:12 - flet_core - DEBUG - _process_command: get ['page', 'windowLeft'] {}
2024-08-04 23:39:12 - flet_core - DEBUG - _process_command: get ['page', 'clientIP'] {}
2024-08-04 23:39:12 - flet_core - DEBUG - _process_command: get ['page', 'clientUserAgent'] {}
2024-08-04 23:39:12 - flet_runtime - INFO - App session started
2024-08-04 23:39:12 - flet_runtime - DEBUG - sent to TCP: 604
2024-08-04 23:39:12 - flet_core - DEBUG - _process_command: add [] {'to': 'page', 'at': '0'}
2024-08-04 23:39:12 - flet_core - DEBUG - _process_command: add [] {'to': 'page', 'at': '1'}
2024-08-04 23:39:12 - flet_runtime - DEBUG - __send: {"action":"pageControlsBatch","payload":[{"action":"addPageControls","payload":{"controls":[{"t":"view","i":"_1","p":"page","c":["_2"],"at":"0","bgcolor":"blue300"},{"t":"container","i":"_2","p":"_1","c":["_3"]},{"t":"row","i":"_3","p":"_2","c":["_4","_8"],"n":"content"},{"t":"container","i":"_4","p":"_3","c":["_5"],"expand":"1","padding":"{\"l\":10,\"t\":0,\"r\":0,\"b\":0}"},{"t":"row","i":"_5","p":"_4","c":["_6","_7"],"n":"content"},{"t":"text","i":"_6","p":"_5","c":[],"value":"Nome:"},{"t":"text","i":"_7","p":"_5","c":[],"value":"Arquivo:"},{"t":"container","i":"_8","p":"_3","c":["_9"]},{"t":"iconbutton","i":"_9","p":"_8","c":[],"bgcolor":"transparent","hovercolor":"grey50,0.4","icon":"file_present_sharp","iconcolor":"black","n":"content"}],"trimIDs":[]}},{"action":"addPageControls","payload":{"controls":[{"t":"offstage","i":"_10","p":"page","c":["_11"],"at":"1"},{"t":"filepicker","i":"_11","p":"_10","c":[],"upload":"[]"}],"trimIDs":[]}}]}
2024-08-04 23:39:12 - flet_runtime - DEBUG - sent to TCP: 960
2024-08-04 23:39:13 - flet_runtime - DEBUG - _on_message: {"action":"pageEventFromWeb","payload":{"eventTarget":"_9","eventName":"click","eventData":""}}
2024-08-04 23:39:13 - flet_core - DEBUG - page.on_event_async: _9 click 
2024-08-04 23:39:13 - flet_core - DEBUG - _process_command: set ['_11'] {'allowedextensions': '["xlsx","xls"]', 'allowmultiple': 'false', 'filetype': 'any', 'state': 'pickFiles'}
2024-08-04 23:39:13 - flet_runtime - DEBUG - __send: {"action":"pageControlsBatch","payload":[{"action":"updateControlProps","payload":{"props":[{"i":"_11","allowedextensions":"[\"xlsx\",\"xls\"]","allowmultiple":"false","filetype":"any","state":"pickFiles"}]}}]}
2024-08-04 23:39:13 - flet_runtime - DEBUG - sent to TCP: 214
2024-08-04 23:39:13 - flet_runtime - DEBUG - _on_message: {"action":"updateControlProps","payload":{"props":[{"i":"_11","state":""}]}}
2024-08-04 23:39:13 - flet_core - DEBUG - page.on_event_async: page change [{"i":"_11","state":""}]
2024-08-04 23:39:13 - flet_runtime - DEBUG - _on_message: {"action":"updateControlProps","payload":{"props":[{"i":"page","windowwidth":"1280.0","windowheight":"720.0","windowtop":"10.0","windowleft":"10.0","windowminimized":"false","windowmaximized":"false","windowfocused":"false","windowfullscreen":"false"}]}}
2024-08-04 23:39:13 - flet_core - DEBUG - page.on_event_async: page change [{"i":"page","windowwidth":"1280.0","windowheight":"720.0","windowtop":"10.0","windowleft":"10.0","windowminimized":"false","windowmaximized":"false","windowfocused":"false","windowfullscreen":"false"}]
2024-08-04 23:39:13 - flet_runtime - DEBUG - _on_message: {"action":"pageEventFromWeb","payload":{"eventTarget":"page","eventName":"window_event","eventData":"blur"}}
2024-08-04 23:39:13 - flet_runtime - DEBUG - _on_message: {"action":"pageEventFromWeb","payload":{"eventTarget":"page","eventName":"app_lifecycle_state_change","eventData":"inactive"}}
2024-08-04 23:39:13 - flet_core - DEBUG - page.on_event_async: page window_event blur
2024-08-04 23:39:13 - flet_core - DEBUG - page.on_event_async: page app_lifecycle_state_change inactive
2024-08-04 23:39:14 - flet_runtime - DEBUG - _on_message: {"action":"pageEventFromWeb","payload":{"eventTarget":"page","eventName":"app_lifecycle_state_change","eventData":"resume"}}
2024-08-04 23:39:14 - flet_core - DEBUG - page.on_event_async: page app_lifecycle_state_change resume
2024-08-04 23:39:14 - flet_runtime - DEBUG - _on_message: {"action":"updateControlProps","payload":{"props":[{"i":"page","windowwidth":"1280.0","windowheight":"720.0","windowtop":"10.0","windowleft":"10.0","windowminimized":"false","windowmaximized":"false","windowfocused":"true","windowfullscreen":"false"}]}}
2024-08-04 23:39:14 - flet_core - DEBUG - page.on_event_async: page change [{"i":"page","windowwidth":"1280.0","windowheight":"720.0","windowtop":"10.0","windowleft":"10.0","windowminimized":"false","windowmaximized":"false","windowfocused":"true","windowfullscreen":"false"}]
2024-08-04 23:39:14 - flet_runtime - DEBUG - _on_message: {"action":"pageEventFromWeb","payload":{"eventTarget":"page","eventName":"window_event","eventData":"focus"}}
2024-08-04 23:39:14 - flet_core - DEBUG - page.on_event_async: page window_event focus
2024-08-04 23:39:14 - flet_runtime - DEBUG - _on_message: {"action":"pageEventFromWeb","payload":{"eventTarget":"_11","eventName":"result","eventData":"{\"path\":null,\"files\":null}"}}
2024-08-04 23:39:14 - flet_core - DEBUG - page.on_event_async: _11 result {"path":null,"files":null}
2024-08-04 23:39:14 - classes - WARNING - ai
2024-08-04 23:39:14 - flet_core - DEBUG - _process_command: set ['_6'] {'value': 'Nome: Arquivo não selecionado'}
2024-08-04 23:39:14 - flet_core - DEBUG - _process_command: set ['_7'] {'value': 'Arquivo: Arquivo não selecionado'}
2024-08-04 23:39:14 - flet_runtime - DEBUG - __send: {"action":"pageControlsBatch","payload":[{"action":"updateControlProps","payload":{"props":[{"i":"_6","value":"Nome: Arquivo n\u00e3o selecionado"}]}},{"action":"updateControlProps","payload":{"props":[{"i":"_7","value":"Arquivo: Arquivo n\u00e3o selecionado"}]}}]}
2024-08-04 23:39:14 - flet_runtime - DEBUG - sent to TCP: 269
2024-08-04 23:39:20 - flet_runtime - DEBUG - _on_message: {"action":"pageEventFromWeb","payload":{"eventTarget":"page","eventName":"app_lifecycle_state_change","eventData":"inactive"}}
2024-08-04 23:39:20 - flet_core - DEBUG - page.on_event_async: page app_lifecycle_state_change inactive
2024-08-04 23:39:20 - flet_runtime - DEBUG - _on_message: {"action":"pageEventFromWeb","payload":{"eventTarget":"page","eventName":"app_lifecycle_state_change","eventData":"hide"}}
2024-08-04 23:39:20 - flet_core - DEBUG - page.on_event_async: page app_lifecycle_state_change hide
2024-08-04 23:39:20 - flet_runtime - DEBUG - Flet View process 15020
2024-08-04 23:39:20 - flet_runtime - DEBUG - Closing connection...
2024-08-04 23:39:20 - flet_runtime - DEBUG - Disconnecting all pages...
2024-08-04 23:39:20 - flet_core - DEBUG - page.on_event_async: page disconnect 
2024-08-04 23:39:20 - flet_runtime - DEBUG - Shutting down thread pool...
2024-08-04 23:40:38 - asyncio - DEBUG - Using proactor: IocpProactor
2024-08-04 23:40:38 - flet_runtime - INFO - Assets path configured: D:\PyCharm\pythonFlet\assets
2024-08-04 23:40:38 - flet_core - DEBUG - Creating new PubSubHub instance
2024-08-04 23:40:38 - flet_core - DEBUG - Creating new PubSubHub instance
2024-08-04 23:40:38 - flet_runtime - INFO - Starting up TCP server on localhost:54349
2024-08-04 23:40:38 - flet_runtime - INFO - Flet app has started...
2024-08-04 23:40:38 - flet_runtime - INFO - App URL: tcp://localhost:54349
2024-08-04 23:40:38 - flet_runtime - INFO - Starting Flet View app...
2024-08-04 23:40:38 - flet_runtime - INFO - Flet View found in: D:\PyCharm\pythonFlet\.venv\Lib\site-packages\flet\bin\flet\flet.exe
2024-08-04 23:40:38 - flet_runtime - DEBUG - Connected new TCP client
2024-08-04 23:40:38 - flet_runtime - DEBUG - _on_message: {"action":"registerWebClient","payload":{"pageName":"","pageRoute":"/","pageWidth":"1264.0","pageHeight":"681.0","windowWidth":"1280.0","windowHeight":"720.0","windowTop":"10.0","windowLeft":"10.0","isPWA":"false","isWeb":"false","isDebug":"false","platform":"windows","platformBrightness":"dark","media":"{\"padding\":{\"top\":0.0,\"right\":0.0,\"bottom\":0.0,\"left\":0.0},\"view_padding\":{\"top\":0.0,\"right\":0.0,\"bottom\":0.0,\"left\":0.0},\"view_insets\":{\"top\":0.0,\"right\":0.0,\"bottom\":0.0,\"left\":0.0}}","sessionId":""}}
2024-08-04 23:40:38 - flet_runtime - DEBUG - __send: {"action":"registerWebClient","payload":{"session":{"id":"","controls":{"page":{"i":"page","t":"page","p":"","c":[],"route":"/","width":"1264.0","height":"681.0","windowwidth":"1280.0","windowheight":"720.0","windowtop":"10.0","windowleft":"10.0","pwa":"false","web":"false","debug":"false","platform":"windows","platformBrightness":"dark","media":"{\"padding\":{\"top\":0.0,\"right\":0.0,\"bottom\":0.0,\"left\":0.0},\"view_padding\":{\"top\":0.0,\"right\":0.0,\"bottom\":0.0,\"left\":0.0},\"view_insets\":{\"top\":0.0,\"right\":0.0,\"bottom\":0.0,\"left\":0.0}}"}}},"error":"","appInactive":false}}
2024-08-04 23:40:38 - flet_core - DEBUG - _process_command: get ['page', 'route'] {}
2024-08-04 23:40:38 - flet_core - DEBUG - _process_command: get ['page', 'pwa'] {}
2024-08-04 23:40:38 - flet_core - DEBUG - _process_command: get ['page', 'web'] {}
2024-08-04 23:40:38 - flet_core - DEBUG - _process_command: get ['page', 'debug'] {}
2024-08-04 23:40:38 - flet_core - DEBUG - _process_command: get ['page', 'platform'] {}
2024-08-04 23:40:38 - flet_core - DEBUG - _process_command: get ['page', 'platformBrightness'] {}
2024-08-04 23:40:38 - flet_core - DEBUG - _process_command: get ['page', 'media'] {}
2024-08-04 23:40:38 - flet_core - DEBUG - _process_command: get ['page', 'width'] {}
2024-08-04 23:40:38 - flet_core - DEBUG - _process_command: get ['page', 'height'] {}
2024-08-04 23:40:38 - flet_core - DEBUG - _process_command: get ['page', 'windowWidth'] {}
2024-08-04 23:40:38 - flet_core - DEBUG - _process_command: get ['page', 'windowHeight'] {}
2024-08-04 23:40:38 - flet_core - DEBUG - _process_command: get ['page', 'windowTop'] {}
2024-08-04 23:40:38 - flet_core - DEBUG - _process_command: get ['page', 'windowLeft'] {}
2024-08-04 23:40:38 - flet_core - DEBUG - _process_command: get ['page', 'clientIP'] {}
2024-08-04 23:40:38 - flet_core - DEBUG - _process_command: get ['page', 'clientUserAgent'] {}
2024-08-04 23:40:38 - flet_runtime - INFO - App session started
2024-08-04 23:40:38 - flet_runtime - DEBUG - sent to TCP: 604
2024-08-04 23:40:38 - flet_core - DEBUG - _process_command: add [] {'to': 'page', 'at': '0'}
2024-08-04 23:40:38 - flet_core - DEBUG - _process_command: add [] {'to': 'page', 'at': '1'}
2024-08-04 23:40:38 - flet_runtime - DEBUG - __send: {"action":"pageControlsBatch","payload":[{"action":"addPageControls","payload":{"controls":[{"t":"view","i":"_1","p":"page","c":["_2"],"at":"0","bgcolor":"blue300"},{"t":"container","i":"_2","p":"_1","c":["_3"]},{"t":"row","i":"_3","p":"_2","c":["_4","_8"],"n":"content"},{"t":"container","i":"_4","p":"_3","c":["_5"],"expand":"1","padding":"{\"l\":10,\"t\":0,\"r\":0,\"b\":0}"},{"t":"row","i":"_5","p":"_4","c":["_6","_7"],"n":"content"},{"t":"text","i":"_6","p":"_5","c":[],"value":"Nome:"},{"t":"text","i":"_7","p":"_5","c":[],"value":"Arquivo:"},{"t":"container","i":"_8","p":"_3","c":["_9"]},{"t":"iconbutton","i":"_9","p":"_8","c":[],"bgcolor":"transparent","hovercolor":"grey50,0.4","icon":"file_present_sharp","iconcolor":"black","n":"content"}],"trimIDs":[]}},{"action":"addPageControls","payload":{"controls":[{"t":"offstage","i":"_10","p":"page","c":["_11"],"at":"1"},{"t":"filepicker","i":"_11","p":"_10","c":[],"upload":"[]"}],"trimIDs":[]}}]}
2024-08-04 23:40:38 - flet_runtime - DEBUG - sent to TCP: 960
2024-08-04 23:40:42 - flet_runtime - DEBUG - _on_message: {"action":"pageEventFromWeb","payload":{"eventTarget":"page","eventName":"app_lifecycle_state_change","eventData":"inactive"}}
2024-08-04 23:40:42 - flet_core - DEBUG - page.on_event_async: page app_lifecycle_state_change inactive
2024-08-04 23:40:42 - flet_runtime - DEBUG - _on_message: {"action":"pageEventFromWeb","payload":{"eventTarget":"page","eventName":"app_lifecycle_state_change","eventData":"hide"}}
2024-08-04 23:40:42 - flet_core - DEBUG - page.on_event_async: page app_lifecycle_state_change hide
2024-08-04 23:40:42 - flet_runtime - DEBUG - Flet View process 8052
2024-08-04 23:40:42 - flet_runtime - DEBUG - Closing connection...
2024-08-04 23:40:42 - flet_runtime - DEBUG - Disconnecting all pages...
2024-08-04 23:40:42 - flet_core - DEBUG - page.on_event_async: page disconnect 
2024-08-04 23:40:42 - flet_runtime - DEBUG - Shutting down thread pool...
